09/04/2022 09:43:25 PM Log file has been created at 2022-09-04 21:43:25.458078
09/04/2022 09:43:25 PM Selected scenario: oroville_dam
09/04/2022 09:43:25 PM Creating instance of Image Reader object...
09/04/2022 09:43:28 PM Start Training
09/04/2022 09:43:28 PM Number of available images for training = 4
09/04/2022 09:45:03 PM Training data is already available --> Loading Gaussian Mixtures
09/04/2022 09:45:03 PM Training data is already available --> Loading trained Logistic Regression (LR) Model
09/04/2022 09:45:03 PM Training stage is finished
09/04/2022 09:45:07 PM Creating instance of RBC objects for Gaussian Mixture, Logistic Regression (LR) and Scaled Index models
09/04/2022 09:45:07 PM Start Evaluation
09/04/2022 09:45:07 PM Number of available images for evaluation = 45
09/04/2022 09:49:27 PM Log file has been created at 2022-09-04 21:49:27.264433
09/04/2022 09:49:27 PM Selected scenario: oroville_dam
09/04/2022 09:49:27 PM Creating instance of Image Reader object...
09/04/2022 09:49:28 PM Start Training
09/04/2022 09:49:28 PM Number of available images for training = 4
09/04/2022 09:49:59 PM Training data is already available --> Loading Gaussian Mixtures
09/04/2022 09:49:59 PM Training data is already available --> Loading trained Logistic Regression (LR) Model
09/04/2022 09:49:59 PM Training stage is finished
09/04/2022 09:49:59 PM Creating instance of RBC objects for Gaussian Mixture, Logistic Regression (LR) and Scaled Index models
09/04/2022 09:49:59 PM Start Evaluation
09/04/2022 09:49:59 PM Number of available images for evaluation = 45
